0 info it worked if it ends with ok
<<<<<<< HEAD
<<<<<<< HEAD
1 verbose cli [ '/Users/cameronmonaghan/.nvm/versions/node/v6.9.1/bin/node',
1 verbose cli   '/Users/cameronmonaghan/.nvm/versions/node/v6.9.1/bin/npm',
1 verbose cli   'run',
1 verbose cli   'dev' ]
2 info using npm@3.10.8
3 info using node@v6.9.1
=======
1 verbose cli [ '/Users/aplchian/.nvm/versions/node/v7.1.0/bin/node',
1 verbose cli   '/Users/aplchian/.nvm/versions/node/v7.1.0/bin/npm',
1 verbose cli   'start' ]
2 info using npm@3.10.9
3 info using node@v7.1.0
4 verbose stack Error: missing script: start
4 verbose stack     at run (/Users/aplchian/.nvm/versions/node/v7.1.0/lib/node_modules/npm/lib/run-script.js:151:19)
4 verbose stack     at /Users/aplchian/.nvm/versions/node/v7.1.0/lib/node_modules/npm/lib/run-script.js:61:5
4 verbose stack     at /Users/aplchian/.nvm/versions/node/v7.1.0/lib/node_modules/npm/node_modules/read-package-json/read-json.js:356:5
4 verbose stack     at checkBinReferences_ (/Users/aplchian/.nvm/versions/node/v7.1.0/lib/node_modules/npm/node_modules/read-package-json/read-json.js:320:45)
4 verbose stack     at final (/Users/aplchian/.nvm/versions/node/v7.1.0/lib/node_modules/npm/node_modules/read-package-json/read-json.js:354:3)
4 verbose stack     at then (/Users/aplchian/.nvm/versions/node/v7.1.0/lib/node_modules/npm/node_modules/read-package-json/read-json.js:124:5)
4 verbose stack     at /Users/aplchian/.nvm/versions/node/v7.1.0/lib/node_modules/npm/node_modules/read-package-json/read-json.js:311:12
4 verbose stack     at /Users/aplchian/.nvm/versions/node/v7.1.0/lib/node_modules/npm/node_modules/graceful-fs/graceful-fs.js:78:16
4 verbose stack     at tryToString (fs.js:425:3)
4 verbose stack     at FSReqWrap.readFileAfterClose [as oncomplete] (fs.js:412:12)
5 verbose cwd /Users/aplchian/Desktop/code/projects/jrs-code-expo-2016
6 error Darwin 15.6.0
7 error argv "/Users/aplchian/.nvm/versions/node/v7.1.0/bin/node" "/Users/aplchian/.nvm/versions/node/v7.1.0/bin/npm" "start"
8 error node v7.1.0
9 error npm  v3.10.9
10 error missing script: start
11 error If you need help, you may report this error at:
11 error     <https://github.com/npm/npm/issues>
12 verbose exit [ 1, true ]
>>>>>>> b363b1ed6443fdbecf00a49e768455ef4a63c039
=======
1 verbose cli [ '/usr/local/bin/node', '/usr/local/bin/npm', 'run', 'dev' ]
2 info using npm@3.10.8
3 info using node@v6.8.0
>>>>>>> a8693157d3e22846cfe876aa031e6204c22b224c
4 verbose run-script [ 'predev', 'dev', 'postdev' ]
5 info lifecycle jrs-coding-school-2016-expo@1.0.0~predev: jrs-coding-school-2016-expo@1.0.0
6 silly lifecycle jrs-coding-school-2016-expo@1.0.0~predev: no script for predev, continuing
7 info lifecycle jrs-coding-school-2016-expo@1.0.0~dev: jrs-coding-school-2016-expo@1.0.0
8 verbose lifecycle jrs-coding-school-2016-expo@1.0.0~dev: unsafe-perm in lifecycle true
<<<<<<< HEAD
9 verbose lifecycle jrs-coding-school-2016-expo@1.0.0~dev: PATH: /Users/cameronmonaghan/.nvm/versions/node/v6.9.1/lib/node_modules/npm/bin/node-gyp-bin:/Users/cameronmonaghan/Desktop/JRBootCamp/jrs-code-expo-2016/node_modules/.bin:/Users/cameronmonaghan/.nvm/versions/node/v6.9.1/bin:/usr/bin:/bin:/usr/sbin:/sbin:/usr/local/bin:/opt/X11/bin:/usr/local/git/bin
10 verbose lifecycle jrs-coding-school-2016-expo@1.0.0~dev: CWD: /Users/cameronmonaghan/Desktop/JRBootCamp/jrs-code-expo-2016
=======
9 verbose lifecycle jrs-coding-school-2016-expo@1.0.0~dev: PATH: /usr/local/lib/node_modules/npm/bin/node-gyp-bin:/Users/chriscortes/CODE/jrs-code-expo-2016/node_modules/.bin:/usr/local/bin:/usr/bin:/bin:/usr/sbin:/sbin
10 verbose lifecycle jrs-coding-school-2016-expo@1.0.0~dev: CWD: /Users/chriscortes/CODE/jrs-code-expo-2016
>>>>>>> a8693157d3e22846cfe876aa031e6204c22b224c
11 silly lifecycle jrs-coding-school-2016-expo@1.0.0~dev: Args: [ '-c', 'next' ]
12 silly lifecycle jrs-coding-school-2016-expo@1.0.0~dev: Returned: code: 1  signal: null
13 info lifecycle jrs-coding-school-2016-expo@1.0.0~dev: Failed to exec dev script
14 verbose stack Error: jrs-coding-school-2016-expo@1.0.0 dev: `next`
14 verbose stack Exit status 1
<<<<<<< HEAD
14 verbose stack     at EventEmitter.<anonymous> (/Users/cameronmonaghan/.nvm/versions/node/v6.9.1/lib/node_modules/npm/lib/utils/lifecycle.js:255:16)
14 verbose stack     at emitTwo (events.js:106:13)
14 verbose stack     at EventEmitter.emit (events.js:191:7)
14 verbose stack     at ChildProcess.<anonymous> (/Users/cameronmonaghan/.nvm/versions/node/v6.9.1/lib/node_modules/npm/lib/utils/spawn.js:40:14)
=======
14 verbose stack     at EventEmitter.<anonymous> (/usr/local/lib/node_modules/npm/lib/utils/lifecycle.js:255:16)
14 verbose stack     at emitTwo (events.js:106:13)
14 verbose stack     at EventEmitter.emit (events.js:191:7)
14 verbose stack     at ChildProcess.<anonymous> (/usr/local/lib/node_modules/npm/lib/utils/spawn.js:40:14)
>>>>>>> a8693157d3e22846cfe876aa031e6204c22b224c
14 verbose stack     at emitTwo (events.js:106:13)
14 verbose stack     at ChildProcess.emit (events.js:191:7)
14 verbose stack     at maybeClose (internal/child_process.js:877:16)
14 verbose stack     at Process.ChildProcess._handle.onexit (internal/child_process.js:226:5)
15 verbose pkgid jrs-coding-school-2016-expo@1.0.0
<<<<<<< HEAD
16 verbose cwd /Users/cameronmonaghan/Desktop/JRBootCamp/jrs-code-expo-2016
17 error Darwin 15.6.0
18 error argv "/Users/cameronmonaghan/.nvm/versions/node/v6.9.1/bin/node" "/Users/cameronmonaghan/.nvm/versions/node/v6.9.1/bin/npm" "run" "dev"
19 error node v6.9.1
=======
16 verbose cwd /Users/chriscortes/CODE/jrs-code-expo-2016
17 error Darwin 15.5.0
18 error argv "/usr/local/bin/node" "/usr/local/bin/npm" "run" "dev"
19 error node v6.8.0
>>>>>>> a8693157d3e22846cfe876aa031e6204c22b224c
20 error npm  v3.10.8
21 error code ELIFECYCLE
22 error jrs-coding-school-2016-expo@1.0.0 dev: `next`
22 error Exit status 1
23 error Failed at the jrs-coding-school-2016-expo@1.0.0 dev script 'next'.
23 error Make sure you have the latest version of node.js and npm installed.
23 error If you do, this is most likely a problem with the jrs-coding-school-2016-expo package,
23 error not with npm itself.
23 error Tell the author that this fails on your system:
23 error     next
23 error You can get information on how to open an issue for this project with:
23 error     npm bugs jrs-coding-school-2016-expo
23 error Or if that isn't available, you can get their info via:
23 error     npm owner ls jrs-coding-school-2016-expo
23 error There is likely additional logging output above.
24 verbose exit [ 1, true ]
>>>>>>> a8693157d3e22846cfe876aa031e6204c22b224c
