0 info it worked if it ends with ok
1 verbose cli [ '/usr/local/bin/node', '/usr/local/bin/npm', 'run', 'dev' ]
2 info using npm@3.10.8
3 info using node@v6.9.1
4 verbose run-script [ 'predev', 'dev', 'postdev' ]
5 info lifecycle jrs-coding-school-2016-expo@1.0.0~predev: jrs-coding-school-2016-expo@1.0.0
6 silly lifecycle jrs-coding-school-2016-expo@1.0.0~predev: no script for predev, continuing
7 info lifecycle jrs-coding-school-2016-expo@1.0.0~dev: jrs-coding-school-2016-expo@1.0.0
8 verbose lifecycle jrs-coding-school-2016-expo@1.0.0~dev: unsafe-perm in lifecycle true
9 verbose lifecycle jrs-coding-school-2016-expo@1.0.0~dev: PATH: /usr/local/lib/node_modules/npm/bin/node-gyp-bin:/Users/mtheodo/Documents/code/jrs-code-expo-2016/node_modules/.bin:/usr/local/bin:/usr/bin:/bin:/usr/sbin:/sbin
10 verbose lifecycle jrs-coding-school-2016-expo@1.0.0~dev: CWD: /Users/mtheodo/Documents/code/jrs-code-expo-2016
11 silly lifecycle jrs-coding-school-2016-expo@1.0.0~dev: Args: [ '-c', 'next' ]
12 info lifecycle jrs-coding-school-2016-expo@1.0.0~dev: Failed to exec dev script
13 verbose stack Error: jrs-coding-school-2016-expo@1.0.0 dev: `next`
13 verbose stack spawn ENOENT
13 verbose stack     at ChildProcess.<anonymous> (/usr/local/lib/node_modules/npm/lib/utils/spawn.js:33:16)
13 verbose stack     at emitTwo (events.js:106:13)
13 verbose stack     at ChildProcess.emit (events.js:191:7)
13 verbose stack     at maybeClose (internal/child_process.js:877:16)
13 verbose stack     at Process.ChildProcess._handle.onexit (internal/child_process.js:226:5)
14 verbose pkgid jrs-coding-school-2016-expo@1.0.0
15 verbose cwd /Users/mtheodo/Documents/code/jrs-code-expo-2016/pages
16 error Darwin 16.1.0
17 error argv "/usr/local/bin/node" "/usr/local/bin/npm" "run" "dev"
18 error node v6.9.1
19 error npm  v3.10.8
20 error file sh
21 error code ELIFECYCLE
22 error errno ENOENT
23 error syscall spawn
24 error jrs-coding-school-2016-expo@1.0.0 dev: `next`
24 error spawn ENOENT
25 error Failed at the jrs-coding-school-2016-expo@1.0.0 dev script 'next'.
25 error Make sure you have the latest version of node.js and npm installed.
25 error If you do, this is most likely a problem with the jrs-coding-school-2016-expo package,
25 error not with npm itself.
25 error Tell the author that this fails on your system:
25 error     next
25 error You can get information on how to open an issue for this project with:
25 error     npm bugs jrs-coding-school-2016-expo
25 error Or if that isn't available, you can get their info via:
25 error     npm owner ls jrs-coding-school-2016-expo
25 error There is likely additional logging output above.
26 verbose exit [ 1, true ]
